2015-10-05 17:58:30,015 INFO  [Log] **************************************************************************************** 
2015-10-05 17:58:30,015 INFO  [Log] **************************************************************************************** 
2015-10-05 17:58:30,015 INFO  [Log] $$$$$$$$$$$$$$$$$$$$$                 Login Test 01       $$$$$$$$$$$$$$$$$$$$$$$$$ 
2015-10-05 17:58:30,015 INFO  [Log] **************************************************************************************** 
2015-10-05 17:58:30,015 INFO  [Log] **************************************************************************************** 
2015-10-05 17:58:32,860 INFO  [Log] Excel sheet opened 
2015-10-05 17:59:26,972 INFO  [Log] **************************************************************************************** 
2015-10-05 17:59:26,973 INFO  [Log] **************************************************************************************** 
2015-10-05 17:59:26,973 INFO  [Log] $$$$$$$$$$$$$$$$$$$$$                 Login Test 01       $$$$$$$$$$$$$$$$$$$$$$$$$ 
2015-10-05 17:59:26,973 INFO  [Log] **************************************************************************************** 
2015-10-05 17:59:26,973 INFO  [Log] **************************************************************************************** 
2015-10-05 17:59:27,935 INFO  [Log] Excel sheet opened 
2015-10-05 17:59:39,449 INFO  [Log] Open the firfox instance 
2015-10-05 17:59:50,136 INFO  [Log] open application for test 
2015-10-05 17:59:50,580 INFO  [Log] Maximize browser window  
2015-10-05 17:59:50,660 INFO  [Log] implicit wait for page load 
2015-10-05 17:59:50,740 INFO  [Log] Read the username from excelsheetsusheelv22 
2015-10-05 17:59:50,740 INFO  [Log] Read the password from excel sheetEspire@777 
2015-10-05 17:59:51,161 INFO  [Log] My account link element found 
2015-10-05 17:59:51,520 INFO  [Log] Click on my account link 
2015-10-05 17:59:55,507 INFO  [Log] User name text box identified 
2015-10-05 17:59:55,961 INFO  [Log] Enter user name 
2015-10-05 17:59:56,373 INFO  [Log] Password text box identified 
2015-10-05 17:59:56,667 INFO  [Log] Enter password 
2015-10-05 17:59:56,749 INFO  [Log] Login button identified  
2015-10-05 17:59:57,318 INFO  [Log] click on login button 
2015-10-05 17:59:57,318 INFO  [Log] Signin on application 
2015-10-05 18:29:33,573 INFO  [Log] **************************************************************************************** 
2015-10-05 18:29:33,573 INFO  [Log] **************************************************************************************** 
2015-10-05 18:29:33,573 INFO  [Log] $$$$$$$$$$$$$$$$$$$$$                 Login Test 01       $$$$$$$$$$$$$$$$$$$$$$$$$ 
2015-10-05 18:29:33,573 INFO  [Log] **************************************************************************************** 
2015-10-05 18:29:33,573 INFO  [Log] **************************************************************************************** 
2015-10-05 18:29:40,275 INFO  [Log] Excel sheet opened 
2015-10-06 15:54:26,693 INFO  [Log] **************************************************************************************** 
2015-10-06 15:54:26,724 INFO  [Log] **************************************************************************************** 
2015-10-06 15:54:26,724 INFO  [Log] $$$$$$$$$$$$$$$$$$$$$                 Login Test 01       $$$$$$$$$$$$$$$$$$$$$$$$$ 
2015-10-06 15:54:26,724 INFO  [Log] **************************************************************************************** 
2015-10-06 15:54:26,725 INFO  [Log] **************************************************************************************** 
2015-10-06 15:54:35,630 INFO  [Log] Excel sheet opened 
2015-10-06 15:56:23,800 INFO  [Log] Open the firfox instance 
2015-10-06 15:57:01,145 INFO  [Log] open application for test 
2015-10-06 15:57:03,270 INFO  [Log] Maximize browser window  
2015-10-06 15:57:05,154 INFO  [Log] implicit wait for page load 
2015-10-06 15:57:08,546 INFO  [Log] Read the username from excelsheetsusheelv22 
2015-10-06 15:57:08,547 INFO  [Log] Read the password from excel sheetEspire@777 
2015-10-06 15:57:08,760 INFO  [Log] My account link element found 
2015-10-06 15:57:09,868 INFO  [Log] Click on my account link 
2015-10-06 15:57:16,314 INFO  [Log] User name text box identified 
2015-10-06 15:57:17,315 INFO  [Log] Enter user name 
2015-10-06 15:57:17,401 INFO  [Log] Password text box identified 
2015-10-06 15:57:17,671 INFO  [Log] Enter password 
2015-10-06 15:57:17,755 INFO  [Log] Login button identified  
2015-10-06 15:57:18,399 INFO  [Log] click on login button 
2015-10-06 15:57:30,811 INFO  [Log] Signin on application 
